[debug] [2018-04-12T22:38:04.856Z] ----------------------------------------------------------------------
[debug] [2018-04-12T22:38:04.862Z] Command:       /usr/bin/nodejs /home/cjohnson/.npm-packages/bin/firebase functions:shell
[debug] [2018-04-12T22:38:04.864Z] CLI Version:   3.18.0
[debug] [2018-04-12T22:38:04.864Z] Platform:      linux
[debug] [2018-04-12T22:38:04.864Z] Node Version:  v7.10.1
[debug] [2018-04-12T22:38:04.864Z] Time:          Thu Apr 12 2018 15:38:04 GMT-0700 (PDT)
[debug] [2018-04-12T22:38:04.864Z] ----------------------------------------------------------------------
[debug] 
[debug] [2018-04-12T22:38:04.892Z] > command requires scopes: ["email","openid","https://www.googleapis.com/auth/cloudplatformprojects.readonly","https://www.googleapis.com/auth/firebase","https://www.googleapis.com/auth/cloud-platform"]
[debug] [2018-04-12T22:38:04.892Z] > authorizing via signed-in user
[debug] [2018-04-12T22:38:04.898Z] >>> HTTP REQUEST GET https://admin.firebase.com/v1/projects/pridepocket-3473b  
  
 Thu Apr 12 2018 15:38:04 GMT-0700 (PDT)
[debug] [2018-04-12T22:38:05.576Z] <<< HTTP RESPONSE 200
[debug] [2018-04-12T22:38:05.582Z] >>> HTTP REQUEST GET https://admin.firebase.com/v1/database/pridepocket-3473b/tokens  
  
 Thu Apr 12 2018 15:38:05 GMT-0700 (PDT)
[debug] [2018-04-12T22:38:06.272Z] <<< HTTP RESPONSE 200
[info] i  functions: Preparing to emulate functions.
[debug] [2018-04-12T22:38:07.453Z] Fetching environment
[debug] [2018-04-12T22:38:07.457Z] >>> HTTP REQUEST GET https://cloudresourcemanager.googleapis.com/v1/projects/pridepocket-3473b  
  
 Thu Apr 12 2018 15:38:07 GMT-0700 (PDT)
[debug] [2018-04-12T22:38:08.010Z] <<< HTTP RESPONSE 200
[debug] [2018-04-12T22:38:08.013Z] >>> HTTP REQUEST GET https://mobilesdk-pa.googleapis.com/v1/projects/760914673438:getServerAppConfig  
  
 Thu Apr 12 2018 15:38:08 GMT-0700 (PDT)
[debug] [2018-04-12T22:38:08.523Z] <<< HTTP RESPONSE 200
[debug] [2018-04-12T22:38:08.526Z] Starting @google-cloud/functions-emulator
[debug] [2018-04-12T22:38:11.620Z] Parsing function triggers
[info] ✔  functions: redirect
[info] ✔  functions: pay
[info] ✔  functions: register
[info] ✔  functions: t
